Determining if the pthread_create exist failed with the following output:
Change Dir: /home/slavaglaps/two1/build/CMakeFiles/CMakeTmp

Run Build Command:"/usr/bin/make" "cmTC_97936/fast"
/usr/bin/make -f CMakeFiles/cmTC_97936.dir/build.make CMakeFiles/cmTC_97936.dir/build
make[1]: вход в каталог «/home/slavaglaps/two1/build/CMakeFiles/CMakeTmp»
Building C object CMakeFiles/cmTC_97936.dir/CheckSymbolExists.c.o
/usr/bin/cc     -o CMakeFiles/cmTC_97936.dir/CheckSymbolExists.c.o   -c /home/slavaglaps/two1/build/CMakeFiles/CMakeTmp/CheckSymbolExists.c
Linking C executable cmTC_97936
/usr/bin/cmake -E cmake_link_script CMakeFiles/cmTC_97936.dir/link.txt --verbose=1
/usr/bin/cc       CMakeFiles/cmTC_97936.dir/CheckSymbolExists.c.o  -o cmTC_97936 -rdynamic 
CMakeFiles/cmTC_97936.dir/CheckSymbolExists.c.o: In function `main':
CheckSymbolExists.c:(.text+0x16): undefined reference to `pthread_create'
collect2: error: ld returned 1 exit status
CMakeFiles/cmTC_97936.dir/build.make:97: ошибка выполнения рецепта для цели «cmTC_97936»
make[1]: *** [cmTC_97936] Ошибка 1
make[1]: выход из каталога «/home/slavaglaps/two1/build/CMakeFiles/CMakeTmp»
Makefile:126: ошибка выполнения рецепта для цели «cmTC_97936/fast»
make: *** [cmTC_97936/fast] Ошибка 2

File /home/slavaglaps/two1/build/CMakeFiles/CMakeTmp/CheckSymbolExists.c:
/* */
#include <pthread.h>

int main(int argc, char** argv)
{
  (void)argv;
#ifndef pthread_create
  return ((int*)(&pthread_create))[argc];
#else
  (void)argc;
  return 0;
#endif
}

Determining if the function pthread_create exists in the pthreads failed with the following output:
Change Dir: /home/slavaglaps/two1/build/CMakeFiles/CMakeTmp

Run Build Command:"/usr/bin/make" "cmTC_3d33b/fast"
/usr/bin/make -f CMakeFiles/cmTC_3d33b.dir/build.make CMakeFiles/cmTC_3d33b.dir/build
make[1]: вход в каталог «/home/slavaglaps/two1/build/CMakeFiles/CMakeTmp»
Building C object CMakeFiles/cmTC_3d33b.dir/CheckFunctionExists.c.o
/usr/bin/cc    -DCHECK_FUNCTION_EXISTS=pthread_create   -o CMakeFiles/cmTC_3d33b.dir/CheckFunctionExists.c.o   -c /usr/share/cmake-3.5/Modules/CheckFunctionExists.c
Linking C executable cmTC_3d33b
/usr/bin/cmake -E cmake_link_script CMakeFiles/cmTC_3d33b.dir/link.txt --verbose=1
/usr/bin/cc   -DCHECK_FUNCTION_EXISTS=pthread_create    CMakeFiles/cmTC_3d33b.dir/CheckFunctionExists.c.o  -o cmTC_3d33b -rdynamic -lpthreads 
/usr/bin/ld: cannot find -lpthreads
collect2: error: ld returned 1 exit status
CMakeFiles/cmTC_3d33b.dir/build.make:97: ошибка выполнения рецепта для цели «cmTC_3d33b»
make[1]: *** [cmTC_3d33b] Ошибка 1
make[1]: выход из каталога «/home/slavaglaps/two1/build/CMakeFiles/CMakeTmp»
Makefile:126: ошибка выполнения рецепта для цели «cmTC_3d33b/fast»
make: *** [cmTC_3d33b/fast] Ошибка 2


